0 info it worked if it ends with ok
1 verbose cli [ 'node', '/usr/local/bin/npm', 'uninstall', 'hexo', '-g' ]
2 info using npm@1.4.28
3 info using node@v0.10.32
4 verbose lib/node_modules/hexo unbuild
5 info preuninstall hexo@2.8.3
6 info uninstall hexo@2.8.3
7 verbose true,/usr/local/lib/node_modules,/usr/local/lib/node_modules unbuild hexo@2.8.3
8 verbose /usr/local/bin,[object Object] binRoot
9 info postuninstall hexo@2.8.3
10 error Error: EACCES, unlink '/usr/local/lib/node_modules/hexo'
10 error  { [Error: EACCES, unlink '/usr/local/lib/node_modules/hexo']
10 error   errno: 3,
10 error   code: 'EACCES',
10 error   path: '/usr/local/lib/node_modules/hexo' }
11 error Please try running this command again as root/Administrator.
12 error System Darwin 13.4.0
13 error command "node" "/usr/local/bin/npm" "uninstall" "hexo" "-g"
14 error cwd /Users/keithkreider/Repos/GitHubIO/kreider1997.github.io
15 error node -v v0.10.32
16 error npm -v 1.4.28
17 error path /usr/local/lib/node_modules/hexo
18 error code EACCES
19 error errno 3
20 error stack Error: EACCES, unlink '/usr/local/lib/node_modules/hexo'
21 verbose exit [ 3, true ]
